#
# A fatal error has been detected by the Java Runtime Environment:
#
#  SIGSEGV (0xb) at pc=0xb770534f, pid=3044, tid=3019316080
#
# JRE version: 6.0_21-b06
# Java VM: Java HotSpot(TM) Client VM (17.0-b16 mixed mode, sharing linux-x86 )
# Problematic frame:
# C  [libc.so.6+0x11334f]
#
# If you would like to submit a bug report, please visit:
#   http://java.sun.com/webapps/bugreport/crash.jsp
# The crash happened outside the Java Virtual Machine in native code.
# See problematic frame for where to report the bug.
#

---------------  T H R E A D  ---------------

Current thread (0x0962c000):  JavaThread "Scanner-0" daemon [_thread_in_native, id=3071, stack(0xb3f21000,0xb3f72000)]

siginfo:si_signo=SIGSEGV: si_errno=0, si_code=2 (SEGV_ACCERR), si_addr=0xb417d000

Registers:
EAX=0xb4171c80, EBX=0xb772caf0, ECX=0x00002ad9, EDX=0xb3076fd0
ESP=0xb3f70264, EBP=0xb3f70298, ESI=0xb4171c4b, EDI=0x0000b360
EIP=0xb770534f, CR2=0xb417d000, EFLAGS=0x00010202

Top of Stack: (sp=0xb3f70264)
0xb3f70264:   b33f9bc8 b6c1c6bc b6c17c8b b3076fc8
0xb3f70274:   b4171c79 0000de81 0962c9fc 00006300
0xb3f70284:   00000030 0000de81 b6c1c6bc 090b6850
0xb3f70294:   00000000 b3f702c8 b6c17efb 0909f840
0xb3f702a4:   090b6850 00000000 0962ca1c b3f704d4
0xb3f702b4:   01f70680 c49de86c b6c1c6bc b3f70310
0xb3f702c4:   0962c118 b3f70738 b6c0f0e9 0909f840
0xb3f702d4:   b3f70310 00000038 00000038 b3f70310 

Instructions: (pc=0xb770534f)
0xb770533f:   0f 7f 5c 3a f0 72 30 66 0f 6f 54 38 10 83 e9 20
0xb770534f:   66 0f 6f 5c 38 20 66 0f 6f cb 66 0f 3a 0f da 01 

Stack: [0xb3f21000,0xb3f72000],  sp=0xb3f70264,  free space=13cb3f6fbe0k
Native frames: (J=compiled Java code, j=interpreted, Vv=VM code, C=native code)
C  [libc.so.6+0x11334f]
C  [libzip.so+0xbefb]  ZIP_GetEntry+0x10b
C  [libzip.so+0x30e9]  Java_java_util_zip_ZipFile_getEntry+0xc9
J  java.util.zip.ZipFile.getEntry(JLjava/lang/String;Z)J
J  java.util.zip.ZipFile.getEntry(Ljava/lang/String;)Ljava/util/zip/ZipEntry;
J  sun.net.www.protocol.jar.URLJarFile.getEntry(Ljava/lang/String;)Ljava/util/zip/ZipEntry;
J  sun.net.www.protocol.jar.JarURLConnection.connect()V
J  sun.net.www.protocol.jar.JarURLConnection.getInputStream()Ljava/io/InputStream;
j  java.net.URL.openStream()Ljava/io/InputStream;+4
j  java.lang.ClassLoader.getResourceAsStream(Ljava/lang/String;)Ljava/io/InputStream;+11
j  org.springframework.core.io.ClassPathResource.getInputStream()Ljava/io/InputStream;+30
j  org.springframework.core.type.classreading.SimpleMetadataReader.<init>(Lorg/springframework/core/io/Resource;Ljava/lang/ClassLoader;)V+5
j  org.springframework.core.type.classreading.SimpleMetadataReaderFactory.getMetadataReader(Lorg/springframework/core/io/Resource;)Lorg/springframework/core/type/classreading/MetadataReader;+14
j  org.springframework.core.type.classreading.CachingMetadataReaderFactory.getMetadataReader(Lorg/springframework/core/io/Resource;)Lorg/springframework/core/type/classreading/MetadataReader;+40
j  org.springframework.core.type.classreading.SimpleMetadataReaderFactory.getMetadataReader(Ljava/lang/String;)Lorg/springframework/core/type/classreading/MetadataReader;+36
j  org.springframework.context.annotation.ConfigurationClassBeanDefinitionReader.checkConfigurationClassCandidate(Lorg/springframework/beans/factory/config/BeanDefinition;Lorg/springframework/core/type/classreading/MetadataReaderFactory;)Z+50
j  org.springframework.context.annotation.ConfigurationClassPostProcessor.processConfigBeanDefinitions(Lorg/springframework/beans/factory/support/BeanDefinitionRegistry;)V+47
j  org.springframework.context.annotation.ConfigurationClassPostProcessor.postProcessBeanDefinitionRegistry(Lorg/springframework/beans/factory/support/BeanDefinitionRegistry;)V+41
j  org.springframework.context.support.AbstractApplicationContext.invokeBeanFactoryPostProcessors(Lorg/springframework/beans/factory/config/ConfigurableListableBeanFactory;)V+181
j  org.springframework.context.support.AbstractApplicationContext.refresh()V+28
j  org.springframework.web.context.ContextLoader.createWebApplicationContext(Ljavax/servlet/ServletContext;Lorg/springframework/context/ApplicationContext;)Lorg/springframework/web/context/WebApplicationContext;+245
j  org.springframework.web.context.ContextLoader.initWebApplicationContext(Ljavax/servlet/ServletContext;)Lorg/springframework/web/context/WebApplicationContext;+69
j  org.springframework.web.context.ContextLoaderListener.contextInitialized(Ljavax/servlet/ServletContextEvent;)V+28
j  org.jboss.resteasy.plugins.spring.SpringContextLoaderListener.contextInitialized(Ljavax/servlet/ServletContextEvent;)V+145
j  org.eclipse.jetty.server.handler.ContextHandler.startContext()V+190
j  org.eclipse.jetty.servlet.ServletContextHandler.startContext()V+66
j  org.eclipse.jetty.webapp.WebAppContext.startContext()V+30
j  org.eclipse.jetty.server.handler.ContextHandler.doStart()V+145
j  org.eclipse.jetty.webapp.WebAppContext.doStart()V+137
j  org.mortbay.jetty.plugin.JettyWebAppContext.doStart()V+42
j  org.eclipse.jetty.util.component.AbstractLifeCycle.start()V+31
j  org.mortbay.jetty.plugin.JettyRunMojo.restartWebApp(Z)V+209
j  org.mortbay.jetty.plugin.JettyRunMojo$1.filesChanged(Ljava/util/List;)V+25
j  org.eclipse.jetty.util.Scanner.reportBulkChanges(Ljava/util/List;)V+38
J  org.eclipse.jetty.util.Scanner.reportDifferences(Ljava/util/Map;Ljava/util/Map;)V
j  org.eclipse.jetty.util.Scanner.scan()V+13
j  org.eclipse.jetty.util.Scanner$1.run()V+4
j  java.util.TimerThread.mainLoop()V+221
j  java.util.TimerThread.run()V+1
v  ~StubRoutines::call_stub
V  [libjvm.so+0x228750]
V  [libjvm.so+0x356b68]
V  [libjvm.so+0x227f57]
V  [libjvm.so+0x22800a]
V  [libjvm.so+0x2a8795]
V  [libjvm.so+0x3fde2e]
V  [libjvm.so+0x35805e]
C  [libpthread.so.0+0x596e]

Java frames: (J=compiled Java code, j=interpreted, Vv=VM code)
J  java.util.zip.ZipFile.getEntry(JLjava/lang/String;Z)J
J  java.util.zip.ZipFile.getEntry(Ljava/lang/String;)Ljava/util/zip/ZipEntry;
J  sun.net.www.protocol.jar.URLJarFile.getEntry(Ljava/lang/String;)Ljava/util/zip/ZipEntry;
J  sun.net.www.protocol.jar.JarURLConnection.connect()V
J  sun.net.www.protocol.jar.JarURLConnection.getInputStream()Ljava/io/InputStream;
j  java.net.URL.openStream()Ljava/io/InputStream;+4
j  java.lang.ClassLoader.getResourceAsStream(Ljava/lang/String;)Ljava/io/InputStream;+11
j  org.springframework.core.io.ClassPathResource.getInputStream()Ljava/io/InputStream;+30
j  org.springframework.core.type.classreading.SimpleMetadataReader.<init>(Lorg/springframework/core/io/Resource;Ljava/lang/ClassLoader;)V+5
j  org.springframework.core.type.classreading.SimpleMetadataReaderFactory.getMetadataReader(Lorg/springframework/core/io/Resource;)Lorg/springframework/core/type/classreading/MetadataReader;+14
j  org.springframework.core.type.classreading.CachingMetadataReaderFactory.getMetadataReader(Lorg/springframework/core/io/Resource;)Lorg/springframework/core/type/classreading/MetadataReader;+40
j  org.springframework.core.type.classreading.SimpleMetadataReaderFactory.getMetadataReader(Ljava/lang/String;)Lorg/springframework/core/type/classreading/MetadataReader;+36
j  org.springframework.context.annotation.ConfigurationClassBeanDefinitionReader.checkConfigurationClassCandidate(Lorg/springframework/beans/factory/config/BeanDefinition;Lorg/springframework/core/type/classreading/MetadataReaderFactory;)Z+50
j  org.springframework.context.annotation.ConfigurationClassPostProcessor.processConfigBeanDefinitions(Lorg/springframework/beans/factory/support/BeanDefinitionRegistry;)V+47
j  org.springframework.context.annotation.ConfigurationClassPostProcessor.postProcessBeanDefinitionRegistry(Lorg/springframework/beans/factory/support/BeanDefinitionRegistry;)V+41
j  org.springframework.context.support.AbstractApplicationContext.invokeBeanFactoryPostProcessors(Lorg/springframework/beans/factory/config/ConfigurableListableBeanFactory;)V+181
j  org.springframework.context.support.AbstractApplicationContext.refresh()V+28
j  org.springframework.web.context.ContextLoader.createWebApplicationContext(Ljavax/servlet/ServletContext;Lorg/springframework/context/ApplicationContext;)Lorg/springframework/web/context/WebApplicationContext;+245
j  org.springframework.web.context.ContextLoader.initWebApplicationContext(Ljavax/servlet/ServletContext;)Lorg/springframework/web/context/WebApplicationContext;+69
j  org.springframework.web.context.ContextLoaderListener.contextInitialized(Ljavax/servlet/ServletContextEvent;)V+28
j  org.jboss.resteasy.plugins.spring.SpringContextLoaderListener.contextInitialized(Ljavax/servlet/ServletContextEvent;)V+145
j  org.eclipse.jetty.server.handler.ContextHandler.startContext()V+190
j  org.eclipse.jetty.servlet.ServletContextHandler.startContext()V+66
j  org.eclipse.jetty.webapp.WebAppContext.startContext()V+30
j  org.eclipse.jetty.server.handler.ContextHandler.doStart()V+145
j  org.eclipse.jetty.webapp.WebAppContext.doStart()V+137
j  org.mortbay.jetty.plugin.JettyWebAppContext.doStart()V+42
j  org.eclipse.jetty.util.component.AbstractLifeCycle.start()V+31
j  org.mortbay.jetty.plugin.JettyRunMojo.restartWebApp(Z)V+209
j  org.mortbay.jetty.plugin.JettyRunMojo$1.filesChanged(Ljava/util/List;)V+25
j  org.eclipse.jetty.util.Scanner.reportBulkChanges(Ljava/util/List;)V+38
J  org.eclipse.jetty.util.Scanner.reportDifferences(Ljava/util/Map;Ljava/util/Map;)V
j  org.eclipse.jetty.util.Scanner.scan()V+13
j  org.eclipse.jetty.util.Scanner$1.run()V+4
j  java.util.TimerThread.mainLoop()V+221
j  java.util.TimerThread.run()V+1
v  ~StubRoutines::call_stub

---------------  P R O C E S S  ---------------

Java Threads: ( => current thread )
  0xb2bfbc00 JavaThread "HashSessionScavenger-2" daemon [_thread_blocked, id=4236, stack(0xb4005000,0xb4056000)]
=>0x0962c000 JavaThread "Scanner-0" daemon [_thread_in_native, id=3071, stack(0xb3f21000,0xb3f72000)]
  0x0982e000 JavaThread "StopJettyPluginMonitor" daemon [_thread_in_native, id=3070, stack(0xb3f90000,0xb3fe1000)]
  0x0907b800 JavaThread "qtp10816932-18" [_thread_blocked, id=3067, stack(0xb417d000,0xb41ce000)]
  0x0907a000 JavaThread "qtp10816932-17" [_thread_blocked, id=3066, stack(0xb41ce000,0xb421f000)]
  0x09078400 JavaThread "qtp10816932-16" [_thread_blocked, id=3065, stack(0xb421f000,0xb4270000)]
  0x09076c00 JavaThread "qtp10816932-15" [_thread_blocked, id=3064, stack(0xb4270000,0xb42c1000)]
  0x09074400 JavaThread "qtp10816932-14" [_thread_blocked, id=3063, stack(0xb42c1000,0xb4312000)]
  0x08fd0800 JavaThread "qtp10816932-13" [_thread_blocked, id=3062, stack(0xb4312000,0xb4363000)]
  0x09037400 JavaThread "qtp10816932-12" [_thread_blocked, id=3061, stack(0xb4363000,0xb43b4000)]
  0x09040c00 JavaThread "qtp10816932-11 - Acceptor0 SelectChannelConnector@0.0.0.0:8080" [_thread_in_native, id=3060, stack(0xb4469000,0xb44ba000)]
  0x08a51000 JavaThread "com.google.inject.internal.util.$Finalizer" daemon [_thread_blocked, id=3057, stack(0xb44ba000,0xb450b000)]
  0x08793400 JavaThread "Low Memory Detector" daemon [_thread_blocked, id=3055, stack(0xb47d6000,0xb4827000)]
  0x08791800 JavaThread "CompilerThread0" daemon [_thread_blocked, id=3054, stack(0xb4827000,0xb48a8000)]
  0x0878fc00 JavaThread "Signal Dispatcher" daemon [_thread_blocked, id=3053, stack(0xb48a8000,0xb48f9000)]
  0x08787800 JavaThread "Finalizer" daemon [_thread_blocked, id=3052, stack(0xb493f000,0xb4990000)]
  0x08786400 JavaThread "Reference Handler" daemon [_thread_blocked, id=3051, stack(0xb4990000,0xb49e1000)]
  0x08761800 JavaThread "main" [_thread_blocked, id=3046, stack(0xb6c9c000,0xb6ced000)]

Other Threads:
  0x08784c00 VMThread [stack: 0xb49e1000,0xb4a62000] [id=3050]
  0x08797400 WatcherThread [stack: 0xb4755000,0xb47d6000] [id=3056]

VM state:not at safepoint (normal execution)

VM Mutex/Monitor currently owned by a thread: None

Heap
 def new generation   total 13696K, used 2590K [0x7ede0000, 0x7fcb0000, 0x84330000)
  eden space 12224K,  16% used [0x7ede0000, 0x7efe12a0, 0x7f9d0000)
  from space 1472K,  36% used [0x7f9d0000, 0x7fa568d8, 0x7fb40000)
  to   space 1472K,   0% used [0x7fb40000, 0x7fb40000, 0x7fcb0000)
 tenured generation   total 30236K, used 29667K [0x84330000, 0x860b7000, 0x8ede0000)
   the space 30236K,  98% used [0x84330000, 0x86028fc8, 0x86029000, 0x860b7000)
 compacting perm gen  total 37888K, used 37849K [0x8ede0000, 0x912e0000, 0x92de0000)
   the space 37888K,  99% used [0x8ede0000, 0x912d64d8, 0x912d6600, 0x912e0000)
    ro space 10240K,  61% used [0x92de0000, 0x934070b0, 0x93407200, 0x937e0000)
    rw space 12288K,  60% used [0x937e0000, 0x93f176f0, 0x93f17800, 0x943e0000)

Dynamic libraries:
08048000-08052000 r-xp 00000000 08:01 265314     /usr/lib/jvm/java-6-sun-1.6.0.21/jre/bin/java
08052000-08053000 rwxp 00009000 08:01 265314     /usr/lib/jvm/java-6-sun-1.6.0.21/jre/bin/java
0875b000-0a413000 rwxp 00000000 00:00 0          [heap]
7ede0000-7fcb0000 rwxp 00000000 00:00 0 
7fcb0000-84330000 rwxp 00000000 00:00 0 
84330000-860b7000 rwxp 00000000 00:00 0 
860b7000-8ede0000 rwxp 00000000 00:00 0 
8ede0000-912e0000 rwxp 00000000 00:00 0 
912e0000-92de0000 rwxp 00000000 00:00 0 
92de0000-93408000 r-xs 00001000 08:01 36784      /usr/lib/jvm/java-6-sun-1.6.0.21/jre/lib/i386/client/classes.jsa
93408000-937e0000 rwxp 00000000 00:00 0 
937e0000-93f18000 rwxp 00629000 08:01 36784      /usr/lib/jvm/java-6-sun-1.6.0.21/jre/lib/i386/client/classes.jsa
93f18000-943e0000 rwxp 00000000 00:00 0 
943e0000-944c1000 rwxp 00d61000 08:01 36784      /usr/lib/jvm/java-6-sun-1.6.0.21/jre/lib/i386/client/classes.jsa
944c1000-947e0000 rwxp 00000000 00:00 0 
947e0000-947e8000 r-xs 00e42000 08:01 36784      /usr/lib/jvm/java-6-sun-1.6.0.21/jre/lib/i386/client/classes.jsa
947e8000-94be0000 rwxp 00000000 00:00 0 
b2800000-b28f9000 rwxp 00000000 00:00 0 
b28f9000-b2900000 ---p 00000000 00:00 0 
b2900000-b29f9000 rwxp 00000000 00:00 0 
b29f9000-b2a00000 ---p 00000000 00:00 0 
b2a00000-b2afc000 rwxp 00000000 00:00 0 
b2afc000-b2b00000 ---p 00000000 00:00 0 
b2b00000-b2bfc000 rwxp 00000000 00:00 0 
b2bfc000-b2c00000 ---p 00000000 00:00 0 
b2c00000-b2cfa000 rwxp 00000000 00:00 0 
b2cfa000-b2d00000 ---p 00000000 00:00 0 
b2d00000-b2df9000 rwxp 00000000 00:00 0 
b2df9000-b2e00000 ---p 00000000 00:00 0 
b2e00000-b2efa000 rwxp 00000000 00:00 0 
b2efa000-b2f00000 ---p 00000000 00:00 0 
b2f00000-b2ffa000 rwxp 00000000 00:00 0 
b2ffa000-b3000000 ---p 00000000 00:00 0 
b3000000-b30fa000 rwxp 00000000 00:00 0 
b30fa000-b3100000 ---p 00000000 00:00 0 
b3100000-b31f9000 rwxp 00000000 00:00 0 
b31f9000-b3200000 ---p 00000000 00:00 0 
b3200000-b32f9000 rwxp 00000000 00:00 0 
b32f9000-b3300000 ---p 00000000 00:00 0 
b3300000-b33fa000 rwxp 00000000 00:00 0 
b33fa000-b3400000 ---p 00000000 00:00 0 
b3400000-b34fa000 rwxp 00000000 00:00 0 
b34fa000-b3500000 ---p 00000000 00:00 0 
b3500000-b35f9000 rwxp 00000000 00:00 0 
b35f9000-b3600000 ---p 00000000 00:00 0 
b3600000-b36f9000 rwxp 00000000 00:00 0 
b36f9000-b3700000 ---p 00000000 00:00 0 
b3700000-b37f9000 rwxp 00000000 00:00 0 
b37f9000-b3800000 ---p 00000000 00:00 0 
b3800000-b38f9000 rwxp 00000000 00:00 0 
b38f9000-b3900000 ---p 00000000 00:00 0 
b3900000-b39f9000 rwxp 00000000 00:00 0 
b39f9000-b3a00000 ---p 00000000 00:00 0 
b3a00000-b3af9000 rwxp 00000000 00:00 0 
b3af9000-b3b00000 ---p 00000000 00:00 0 
b3b00000-b3bf9000 rwxp 00000000 00:00 0 
b3bf9000-b3c00000 ---p 00000000 00:00 0 
b3c00000-b3cf9000 rwxp 00000000 00:00 0 
b3cf9000-b3d00000 ---p 00000000 00:00 0 
b3daf000-b3db2000 ---p 00000000 00:00 0 
b3db2000-b3e00000 rwxp 00000000 00:00 0 
b3e00000-b3efa000 rwxp 00000000 00:00 0 
b3efa000-b3f00000 ---p 00000000 00:00 0 
b3f1e000-b3f21000 r-xs 0001a000 08:01 286476     /home/bqol/.m2/repository/com/betterqol/iheadache/iheadache-services/0.0.1-SNAPSHOT/iheadache-services-0.0.1-SNAPSHOT.jar
b3f21000-b3f24000 ---p 00000000 00:00 0 
b3f24000-b3f72000 rwxp 00000000 00:00 0 
b3f72000-b3f81000 r-xs 00676000 08:01 431466     /usr/lib/jvm/java-6-sun-1.6.0.21/jre/lib/charsets.jar
b3f81000-b3f90000 r-xs 00676000 08:01 431466     /usr/lib/jvm/java-6-sun-1.6.0.21/jre/lib/charsets.jar
b3f90000-b3f93000 ---p 00000000 00:00 0 
b3f93000-b3fe1000 rwxp 00000000 00:00 0 
b3fe1000-b3fe9000 r-xs 00115000 08:01 431564     /usr/lib/jvm/java-6-sun-1.6.0.21/jre/lib/resources.jar
b3fe9000-b3fee000 r-xs 00018000 08:01 286307     /home/bqol/.m2/repository/org/aspectj/aspectjrt/1.6.8/aspectjrt-1.6.8.jar
b3fee000-b3ff7000 r-xs 00046000 08:01 286306     /home/bqol/.m2/repository/org/springframework/spring-aop/3.0.3.RELEASE/spring-aop-3.0.3.RELEASE.jar
b3ff7000-b3ffe000 r-xs 00032000 08:01 286305     /home/bqol/.m2/repository/org/springframework/spring-tx/3.0.3.RELEASE/spring-tx-3.0.3.RELEASE.jar
b3ffe000-b4005000 r-xs 00035000 08:01 286303     /home/bqol/.m2/repository/org/springframework/security/spring-security-web/3.0.5.RELEASE/spring-security-web-3.0.5.RELEASE.jar
b4005000-b4008000 ---p 00000000 00:00 0 
b4008000-b4056000 rwxp 00000000 00:00 0 
b4056000-b4065000 r-xs 00076000 08:01 286327     /home/bqol/.m2/repository/joda-time/joda-time/1.6.2/joda-time-1.6.2.jar
b4065000-b407d000 r-xs 00100000 08:01 286326     /home/bqol/.m2/repository/com/google/guava/guava/r09/guava-r09.jar
b407d000-b4080000 r-xs 0002b000 08:01 271202     /home/bqol/.m2/repository/org/springframework/security/spring-security-config/3.0.5.RELEASE/spring-security-config-3.0.5.RELEASE.jar
b4080000-b4086000 r-xs 00092000 08:01 431438     /usr/lib/jvm/java-6-sun-1.6.0.21/jre/lib/jsse.jar
b4086000-b408c000 r-xs 0002d000 08:01 286302     /home/bqol/.m2/repository/org/springframework/spring-test/3.0.5.RELEASE/spring-test-3.0.5.RELEASE.jar
b408c000-b408e000 r-xs 00000000 08:01 174802     /home/bqol/.m2/repository/aopalliance/aopalliance/1.0/aopalliance-1.0.jar
b408e000-b4098000 r-xs 00042000 08:01 286304     /home/bqol/.m2/repository/org/springframework/security/spring-security-core/3.0.5.RELEASE/spring-security-core-3.0.5.RELEASE.jar
b4098000-b40a2000 r-xs 00057000 08:01 286301     /home/bqol/.m2/repository/org/springframework/spring-web/3.0.5.RELEASE/spring-web-3.0.5.RELEASE.jar
b40a2000-b40a6000 r-xs 00026000 08:01 286300     /home/bqol/.m2/repository/org/springframework/spring-expression/3.0.5.RELEASE/spring-expression-3.0.5.RELEASE.jar
b40a6000-b40af000 r-xs 00055000 08:01 286283     /home/bqol/.m2/repository/org/springframework/spring-core/3.0.5.RELEASE/spring-core-3.0.5.RELEASE.jar
b40af000-b40b2000 r-xs 00016000 08:01 286299     /home/bqol/.m2/repository/org/springframework/spring-context-support/3.0.5.RELEASE/spring-context-support-3.0.5.RELEASE.jar
b40b2000-b40be000 r-xs 0007c000 08:01 286284     /home/bqol/.m2/repository/org/springframework/spring-beans/3.0.5.RELEASE/spring-beans-3.0.5.RELEASE.jar
b40be000-b40bf000 r-xs 0000c000 08:01 286298     /home/bqol/.m2/repository/org/springframework/spring-asm/3.0.5.RELEASE/spring-asm-3.0.5.RELEASE.jar
b40bf000-b40c0000 r-xs 00007000 08:01 287691     /home/bqol/.m2/repository/org/codehaus/jackson/jackson-xc/1.6.3/jackson-xc-1.6.3.jar
b40c0000-b40c2000 r-xs 00003000 08:01 287690     /home/bqol/.m2/repository/org/codehaus/jackson/jackson-jaxrs/1.6.3/jackson-jaxrs-1.6.3.jar
b40c2000-b40c4000 r-xs 00000000 08:01 287675     /home/bqol/.m2/repository/org/jboss/resteasy/resteasy-jackson-provider/2.2.1.GA/resteasy-jackson-provider-2.2.1.GA.jar
b40c4000-b40c6000 r-xs 00010000 08:01 174801     /home/bqol/.m2/repository/org/codehaus/jettison/jettison/1.2/jettison-1.2.jar
b40c6000-b40c8000 r-xs 00005000 08:01 286296     /home/bqol/.m2/repository/javax/xml/stream/stax-api/1.0/stax-api-1.0.jar
b40c8000-b40ce000 r-xs 0004c000 08:01 286295     /home/bqol/.m2/repository/com/sun/xml/stream/sjsxp/1.0.1/sjsxp-1.0.1.jar
b40ce000-b40d2000 r-xs 00017000 08:01 287674     /home/bqol/.m2/repository/javax/xml/bind/jaxb-api/2.2.3/jaxb-api-2.2.3.jar
b40d2000-b40e4000 r-xs 000c9000 08:01 287673     /home/bqol/.m2/repository/com/sun/xml/bind/jaxb-impl/2.2.4/jaxb-impl-2.2.4.jar
b40e4000-b40e6000 r-xs 0000d000 08:01 287672     /home/bqol/.m2/repository/org/jboss/resteasy/resteasy-jaxb-provider/2.2.1.GA/resteasy-jaxb-provider-2.2.1.GA.jar
b40e6000-b40e8000 r-xs 00006000 08:01 287671     /home/bqol/.m2/repository/org/jboss/resteasy/resteasy-jettison-provider/2.2.1.GA/resteasy-jettison-provider-2.2.1.GA.jar
b40e8000-b40ea000 r-xs 0000a000 08:01 287670     /home/bqol/.m2/repository/org/jboss/resteasy/resteasy-spring/2.2.1.GA/resteasy-spring-2.2.1.GA.jar
b40ea000-b40eb000 r-xs 00000000 08:01 286292     /home/bqol/.m2/repository/net/jcip/jcip-annotations/1.0/jcip-annotations-1.0.jar
b40eb000-b40f1000 r-xs 00045000 08:01 286291     /home/bqol/.m2/repository/commons-httpclient/commons-httpclient/3.1/commons-httpclient-3.1.jar
b40f1000-b40f3000 r-xs 0000e000 08:01 286290     /home/bqol/.m2/repository/javax/activation/activation/1.1/activation-1.1.jar
b40f3000-b40f4000 r-xs 00001000 08:01 286221     /home/bqol/.m2/repository/javax/annotation/jsr250-api/1.0/jsr250-api-1.0.jar
b40f4000-b40fd000 r-xs 00095000 08:01 286229     /home/bqol/.m2/repository/javassist/javassist/3.12.1.GA/javassist-3.12.1.GA.jar
b40fd000-b40fe000 r-xs 00004000 08:01 286228     /home/bqol/.m2/repository/org/scannotation/scannotation/1.0.3/scannotation-1.0.3.jar
b40fe000-b4100000 r-xs 0000a000 08:01 287669     /home/bqol/.m2/repository/org/jboss/resteasy/jaxrs-api/2.2.1.GA/jaxrs-api-2.2.1.GA.jar
b4100000-b410c000 r-xs 00081000 08:01 287668     /home/bqol/.m2/repository/org/jboss/resteasy/resteasy-jaxrs/2.2.1.GA/resteasy-jaxrs-2.2.1.GA.jar
b410c000-b410e000 r-xs 00005000 08:01 286289     /home/bqol/.m2/repository/org/slf4j/slf4j-api/1.6.1/slf4j-api-1.6.1.jar
b410e000-b4117000 r-xs 0006d000 08:01 286288     /home/bqol/.m2/repository/log4j/log4j/1.2.16/log4j-1.2.16.jar
b4117000-b4118000 r-xs 00002000 08:01 286287     /home/bqol/.m2/repository/org/slf4j/slf4j-log4j12/1.6.1/slf4j-log4j12-1.6.1.jar
b4118000-b411d000 r-xs 00034000 08:01 174800     /home/bqol/.m2/repository/commons-beanutils/commons-beanutils/1.8.3/commons-beanutils-1.8.3.jar
b411d000-b4133000 r-xs 00181000 08:01 286286     /home/bqol/.m2/repository/org/aspectj/aspectjweaver/1.6.9/aspectjweaver-1.6.9.jar
b4133000-b4145000 r-xs 00092000 08:01 286285     /home/bqol/.m2/repository/org/springframework/spring-context/3.0.5.RELEASE/spring-context-3.0.5.RELEASE.jar
b4145000-b4146000 r-xs 00003000 08:01 287689     /home/bqol/.m2/repository/org/ektorp/org.ektorp.spring/1.2.1/org.ektorp.spring-1.2.1.jar
b4146000-b4149000 r-xs 00024000 08:01 174798     /home/bqol/.m2/repository/commons-io/commons-io/2.0.1/commons-io-2.0.1.jar
b4149000-b414b000 r-xs 00018000 08:01 174797     /home/bqol/.m2/repository/org/apache/httpcomponents/httpclient-cache/4.1.1/httpclient-cache-4.1.1.jar
b414b000-b414d000 r-xs 0000d000 08:01 174796     /home/bqol/.m2/repository/commons-codec/commons-codec/1.4/commons-codec-1.4.jar
b414d000-b414f000 r-xs 0000d000 08:01 174795     /home/bqol/.m2/repository/commons-logging/commons-logging/1.1.1/commons-logging-1.1.1.jar
b414f000-b4154000 r-xs 00028000 08:01 174793     /home/bqol/.m2/repository/org/apache/httpcomponents/httpcore/4.1/httpcore-4.1.jar
b4154000-b415c000 r-xs 0004e000 08:01 174792     /home/bqol/.m2/repository/org/apache/httpcomponents/httpclient/4.1.1/httpclient-4.1.1.jar
b415c000-b4168000 r-xs 00097000 08:01 174791     /home/bqol/.m2/repository/org/codehaus/jackson/jackson-mapper-asl/1.8.4/jackson-mapper-asl-1.8.4.jar
b4168000-b416c000 r-xs 00034000 08:01 173402     /home/bqol/.m2/repository/org/codehaus/jackson/jackson-core-asl/1.8.4/jackson-core-asl-1.8.4.jar
b416c000-b4171000 r-xs 00035000 08:01 287688     /home/bqol/.m2/repository/org/ektorp/org.ektorp/1.2.1/org.ektorp-1.2.1.jar
b4171000-b4174000 r-xs 0001a000 08:01 286476     /home/bqol/.m2/repository/com/betterqol/iheadache/iheadache-services/0.0.1-SNAPSHOT/iheadache-services-0.0.1-SNAPSHOT.jar
b4174000-b417d000 r-xs 0005e000 08:01 286297     /home/bqol/.m2/repository/org/springframework/spring-webmvc/3.0.5.RELEASE/spring-webmvc-3.0.5.RELEASE.jar
b417d000-b4180000 ---p 00000000 00:00 0 
b4180000-b41ce000 rwxp 00000000 00:00 0 
b41ce000-b41d1000 ---p 00000000 00:00 0 
b41d1000-b421f000 rwxp 00000000 00:00 0 
b421f000-b4222000 ---p 00000000 00:00 0 
b4222000-b4270000 rwxp 00000000 00:00 0 
b4270000-b4273000 ---p 00000000 00:00 0 
b4273000-b42c1000 rwxp 00000000 00:00 0 
b42c1000-b42c4000 ---p 00000000 00:00 0 
b42c4000-b4312000 rwxp 00000000 00:00 0 
b4312000-b4315000 ---p 00000000 00:00 0 
b4315000-b4363000 rwxp 00000000 00:00 0 
b4363000-b4366000 ---p 00000000 00:00 0 
b4366000-b43b4000 rwxp 00000000 00:00 0 
b43b4000-b43b6000 r-xs 0000a000 08:01 287502     /home/bqol/.m2/repository/org/eclipse/jetty/jetty-start/7.0.1.v20091125/jetty-start-7.0.1.v20091125.jar
b43b6000-b43b7000 r-xs 0000a000 08:01 287501     /home/bqol/.m2/repository/asm/asm/3.1/asm-3.1.jar
b43b7000-b43b9000 r-xs 00004000 08:01 287500     /home/bqol/.m2/repository/asm/asm-tree/3.1/asm-tree-3.1.jar
b43b9000-b43ba000 r-xs 00007000 08:01 287499     /home/bqol/.m2/repository/asm/asm-commons/3.1/asm-commons-3.1.jar
b43ba000-b43bc000 r-xs 00002000 08:01 175791     /home/bqol/.m2/repository/org/apache/geronimo/specs/geronimo-annotation_1.0_spec/1.1.1/geronimo-annotation_1.0_spec-1.1.1.jar
b43bc000-b43be000 r-xs 00009000 08:01 287498     /home/bqol/.m2/repository/org/eclipse/jetty/jetty-annotations/7.0.1.v20091125/jetty-annotations-7.0.1.v20091125.jar
b43be000-b43cd000 r-xs 000ee000 08:01 286322     /home/bqol/.m2/repository/ant/ant/1.6.5/ant-1.6.5.jar
b43cd000-b43d0000 r-xs 0001e000 08:01 287497     /home/bqol/.m2/repository/org/mortbay/jetty/jsp-api-2.1-glassfish/9.1.1.B60.25.p2/jsp-api-2.1-glassfish-9.1.1.B60.25.p2.jar
b43d0000-b43f3000 r-xs 00344000 08:01 286319     /home/bqol/.m2/repository/org/eclipse/jdt/core/3.1.1/core-3.1.1.jar
b43f3000-b4404000 r-xs 000ea000 08:01 287496     /home/bqol/.m2/repository/org/mortbay/jetty/jsp-2.1-glassfish/9.1.1.B60.25.p2/jsp-2.1-glassfish-9.1.1.B60.25.p2.jar
b4404000-b4407000 r-xs 00006000 08:01 287495     /home/bqol/.m2/repository/org/eclipse/jetty/jetty-jmx/7.0.1.v20091125/jetty-jmx-7.0.1.v20091125.jar
b4407000-b440d000 r-xs 00059000 08:01 286316     /home/bqol/.m2/repository/javax/mail/mail/1.4/mail-1.4.jar
b440d000-b440f000 r-xs 00006000 08:01 287494     /home/bqol/.m2/repository/org/eclipse/jetty/jetty-jndi/7.0.1.v20091125/jetty-jndi-7.0.1.v20091125.jar
b440f000-b4410000 r-xs 00003000 08:01 175790     /home/bqol/.m2/repository/org/apache/geronimo/specs/geronimo-jta_1.1_spec/1.1.1/geronimo-jta_1.1_spec-1.1.1.jar
b4410000-b4412000 r-xs 00010000 08:01 287493     /home/bqol/.m2/repository/org/eclipse/jetty/jetty-plus/7.0.1.v20091125/jetty-plus-7.0.1.v20091125.jar
b4412000-b4414000 r-xs 00006000 08:01 175789     /home/bqol/.m2/repository/org/apache/maven/maven-plugin-tools-api/2.0.5/maven-plugin-tools-api-2.0.5.jar
b4414000-b4417000 r-xs 0002f000 08:01 175359     /home/bqol/.m2/repository/org/codehaus/plexus/plexus-utils/1.4.6/plexus-utils-1.4.6.jar
b4417000-b4419000 r-xs 0000f000 08:01 287492     /home/bqol/.m2/repository/org/eclipse/jetty/jetty-io/7.0.1.v20091125/jetty-io-7.0.1.v20091125.jar
b4419000-b441c000 r-xs 00018000 08:01 287491     /home/bqol/.m2/repository/org/eclipse/jetty/jetty-http/7.0.1.v20091125/jetty-http-7.0.1.v20091125.jar
b441c000-b441d000 r-xs 00004000 08:01 287490     /home/bqol/.m2/repository/org/eclipse/jetty/jetty-continuation/7.0.1.v20091125/jetty-continuation-7.0.1.v20091125.jar
b441d000-b441f000 r-xs 00018000 08:01 286325     /home/bqol/.m2/repository/javax/servlet/servlet-api/2.5/servlet-api-2.5.jar
b441f000-b4424000 r-xs 00039000 08:01 287489     /home/bqol/.m2/repository/org/eclipse/jetty/jetty-server/7.0.1.v20091125/jetty-server-7.0.1.v20091125.jar
b4424000-b4427000 r-xs 0000e000 08:01 287488     /home/bqol/.m2/repository/org/eclipse/jetty/jetty-security/7.0.1.v20091125/jetty-security-7.0.1.v20091125.jar
b4427000-b4429000 r-xs 0000e000 08:01 287487     /home/bqol/.m2/repository/org/eclipse/jetty/jetty-servlet/7.0.1.v20091125/jetty-servlet-7.0.1.v20091125.jar
b4429000-b442c000 r-xs 00029000 08:01 287486     /home/bqol/.m2/repository/org/eclipse/jetty/jetty-util/7.0.1.v20091125/jetty-util-7.0.1.v20091125.jar
b442c000-b442d000 r-xs 00006000 08:01 287485     /home/bqol/.m2/repository/org/eclipse/jetty/jetty-xml/7.0.1.v20091125/jetty-xml-7.0.1.v20091125.jar
b442d000-b442f000 r-xs 0000d000 08:01 287484     /home/bqol/.m2/repository/org/eclipse/jetty/jetty-webapp/7.0.1.v20091125/jetty-webapp-7.0.1.v20091125.jar
b442f000-b4431000 r-xs 0000b000 08:01 287353     /home/bqol/.m2/repository/org/mortbay/jetty/jetty-maven-plugin/7.0.1.v20091125/jetty-maven-plugin-7.0.1.v20091125.jar
b4431000-b4433000 r-xs 00002000 08:01 174423     /home/bqol/.m2/repository/org/codehaus/plexus/plexus-compiler-javac/1.8.1/plexus-compiler-javac-1.8.1.jar
b4433000-b4435000 r-xs 00000000 08:01 174422     /home/bqol/.m2/repository/org/codehaus/plexus/plexus-compiler-manager/1.8.1/plexus-compiler-manager-1.8.1.jar
b4435000-b4436000 r-xs 00004000 08:01 174421     /home/bqol/.m2/repository/org/codehaus/plexus/plexus-compiler-api/1.8.1/plexus-compiler-api-1.8.1.jar
b4436000-b4438000 r-xs 00006000 08:01 173878     /home/bqol/.m2/repository/org/apache/maven/plugins/maven-compiler-plugin/2.3.2/maven-compiler-plugin-2.3.2.jar
b4438000-b443a000 r-xs 0000d000 08:01 174906     /home/bqol/.m2/repository/org/codehaus/plexus/plexus-interpolation/1.13/plexus-interpolation-1.13.jar
b443a000-b443b000 r-xs 00001000 08:01 286420     /home/bqol/.m2/repository/org/sonatype/plexus/plexus-build-api/0.0.4/plexus-build-api-0.0.4.jar
b443b000-b443d000 r-xs 00009000 08:01 286419     /home/bqol/.m2/repository/org/apache/maven/shared/maven-filtering/1.0/maven-filtering-1.0.jar
b443d000-b4441000 r-xs 00033000 08:01 174420     /home/bqol/.m2/repository/org/codehaus/plexus/plexus-utils/2.0.5/plexus-utils-2.0.5.jar
b4441000-b4444000 r-xs 0001b000 08:01 174905     /home/bqol/.m2/repository/junit/junit/3.8.1/junit-3.8.1.jar
b4444000-b4446000 r-xs 00002000 08:01 174904     /home/bqol/.m2/repository/org/codehaus/plexus/plexus-interactivity-api/1.0-alpha-4/plexus-interactivity-api-1.0-alpha-4.jar
b4446000-b4448000 r-xs 00006000 08:01 174903     /home/bqol/.m2/repository/commons-cli/commons-cli/1.0/commons-cli-1.0.jar
b4448000-b4449000 r-xs 00001000 08:01 174902     /home/bqol/.m2/repository/org/apache/maven/doxia/doxia-sink-api/1.0-alpha-7/doxia-sink-api-1.0-alpha-7.jar
b4449000-b444a000 r-xs 00002000 08:01 174901     /home/bqol/.m2/repository/org/apache/maven/reporting/maven-reporting-api/2.0.6/maven-reporting-api-2.0.6.jar
b444a000-b444c000 r-xs 00005000 08:01 174869     /home/bqol/.m2/repository/org/apache/maven/plugins/maven-resources-plugin/2.5/maven-resources-plugin-2.5.jar
b444c000-b4453000 r-xp 00000000 08:01 431536     /usr/lib/jvm/java-6-sun-1.6.0.21/jre/lib/i386/libnio.so
b4453000-b4454000 rwxp 00006000 08:01 431536     /usr/lib/jvm/java-6-sun-1.6.0.21/jre/lib/i386/libnio.so
b4454000-b4467000 r-xp 00000000 08:01 431512     /usr/lib/jvm/java-6-sun-1.6.0.21/jre/lib/i386/libnet.so
b4467000-b4468000 rwxp 00013000 08:01 431512     /usr/lib/jvm/java-6-sun-1.6.0.21/jre/lib/i386/libnet.so
b4468000-b4469000 r-xp 00000000 00:00 0 
b4469000-b446c000 ---p 00000000 00:00 0 
b446c000-b44ba000 rwxp 00000000 00:00 0 
b44ba000-b44bd000 ---p 00000000 00:00 0 
b44bd000-b450b000 rwxp 00000000 00:00 0 
b450b000-b451b000 r-xs 000bc000 08:01 173272     /home/bqol/prog/eclipse/configuration/org.eclipse.osgi/bundles/325/1/.cp/netty-3.2.4.Final.jar
b451b000-b4521000 r-xs 0004c000 08:01 173245     /home/bqol/prog/eclipse/configuration/org.eclipse.osgi/bundles/7/1/.cp/async-http-client-1.6.3.jar
b4521000-b4523000 r-xs 00005000 08:01 171354     /home/bqol/prog/eclipse/plugins/org.eclipse.m2e.maven.runtime_1.0.0.20110607-2117/jars/wagon-ahc-1.2.0.jar
b4523000-b4525000 r-xs 0000c000 08:01 171358     /home/bqol/prog/eclipse/plugins/org.eclipse.m2e.maven.runtime_1.0.0.20110607-2117/jars/aether-connector-asynchttpclient-1.11.jar
b4525000-b4528000 r-xs 0001e000 08:01 171344     /home/bqol/prog/eclipse/plugins/org.eclipse.m2e.maven.runtime_1.0.0.20110607-2117/jars/aether-impl-1.11.jar
b4528000-b452a000 r-xs 0000d000 08:01 171364     /home/bqol/prog/eclipse/plugins/org.eclipse.m2e.maven.runtime_1.0.0.20110607-2117/jars/wagon-provider-api-1.0-beta-6.jar
b452a000-b452d000 r-xs 0001d000 08:01 171349     /home/bqol/prog/eclipse/plugins/org.eclipse.m2e.maven.runtime_1.0.0.20110607-2117/jars/aether-util-1.11.jar
b452d000-b452f000 r-xs 00004000 08:01 171348     /home/bqol/prog/eclipse/plugins/org.eclipse.m2e.maven.runtime_1.0.0.20110607-2117/jars/aether-spi-1.11.jar
b452f000-b4532000 r-xs 00015000 08:01 171372     /home/bqol/prog/eclipse/plugins/org.eclipse.m2e.maven.runtime_1.0.0.20110607-2117/jars/aether-api-1.11.jar
b4532000-b4534000 r-xs 00007000 08:01 171347     /home/bqol/prog/eclipse/plugins/org.eclipse.m2e.maven.runtime_1.0.0.20110607-2117/jars/aether-connector-wagon-1.11.jar
b4534000-b453f000 r-xs 00073000 08:01 171362     /home/bqol/prog/eclipse/plugins/org.eclipse.m2e.maven.runtime_1.0.0.20110607-2117/jars/sisu-guice-2.9.4-no_aop.jar
b453f000-b4543000 r-xs 00036000 08:01 171359     /home/bqol/prog/eclipse/plugins/org.eclipse.m2e.maven.runtime_1.0.0.20110607-2117/jars/plexus-utils-2.0.6.jar
b4543000-b4544000 r-xs 00005000 08:01 171371     /home/bqol/prog/eclipse/plugins/org.eclipse.m2e.maven.runtime_1.0.0.20110607-2117/jars/guice-plexus-scanners-2.0.0.jar
b4544000-b4546000 r-xs 00006000 08:01 171336     /home/bqol/prog/eclipse/plugins/org.eclipse.m2e.maven.runtime_1.0.0.20110607-2117/jars/guice-plexus-binders-2.0.0.jar
b4546000-b4547000 r-xs 00004000 08:01 171350     /home/bqol/prog/eclipse/plugins/org.eclipse.m2e.maven.runtime_1.0.0.20110607-2117/jars/guice-plexus-locators-2.0.0.jar
b4547000-b4549000 r-xs 00002000 08:01 171360     /home/bqol/prog/eclipse/plugins/org.eclipse.m2e.maven.runtime_1.0.0.20110607-2117/jars/guice-plexus-converters-2.0.0.jar
b4549000-b454a000 r-xs 00004000 08:01 171370     /home/bqol/prog/eclipse/plugins/org.eclipse.m2e.maven.runtime_1.0.0.20110607-2117/jars/guice-plexus-metadata-2.0.0.jar
b454a000-b454c000 r-xs 00001000 08:01 171334     /home/bqol/prog/eclipse/plugins/org.eclipse.m2e.maven.runtime_1.0.0.20110607-2117/jars/guice-bean-converters-2.0.0.jar
b454c000-b454e000 r-xs 00012000 08:01 171346     /home/bqol/prog/eclipse/plugins/org.eclipse.m2e.maven.runtime_1.0.0.20110607-2117/jars/guice-bean-scanners-2.0.0.jar
b454e000-b4550000 r-xs 00007000 08:01 171339     /home/bqol/prog/eclipse/plugins/org.eclipse.m2e.maven.runtime_1.0.0.20110607-2117/jars/guice-bean-binders-2.0.0.jar
b4550000-b4553000 r-xs 0000b000 08:01 171369     /home/bqol/prog/eclipse/plugins/org.eclipse.m2e.maven.runtime_1.0.0.20110607-2117/jars/guice-bean-locators-2.0.0.jar
b4553000-b4555000 r-xs 00002000 08:01 171368     /home/bqol/prog/eclipse/plugins/org.eclipse.m2e.maven.runtime_1.0.0.20110607-2117/jars/guice-bean-inject-2.0.0.jar
b4555000-b4557000 r-xs 00009000 08:01 171342     /home/bqol/prog/eclipse/plugins/org.eclipse.m2e.maven.runtime_1.0.0.20110607-2117/jars/guice-bean-reflect-2.0.0.jar
b4557000-b4558000 r-xs 00001000 08:01 171352     /home/bqol/prog/eclipse/plugins/org.eclipse.m2e.maven.runtime_1.0.0.20110607-2117/jars/javax.inject-1.jar
b4558000-b455a000 r-xs 00001000 08:01 171363     /home/bqol/prog/eclipse/plugins/org.eclipse.m2e.maven.runtime_1.0.0.20110607-2117/jars/plexus-component-annotations-1.5.5.jar
b455a000-b455f000 r-xs 0001d000 08:01 171365     /home/bqol/prog/eclipse/plugins/org.eclipse.m2e.maven.runtime_1.0.0.20110607-2117/jars/guice-plexus-shim-2.0.0.jar
b455f000-b4560000 r-xs 00003000 08:01 171375     /home/bqol/prog/eclipse/plugins/org.eclipse.m2e.maven.runtime_1.0.0.20110607-2117/jars/wagon-file-1.0-beta-7.jar
b4560000-b4562000 r-xs 0000a000 08:01 171343     /home/bqol/prog/eclipse/plugins/org.eclipse.m2e.maven.runtime_1.0.0.20110607-2117/jars/commons-cli-1.2.jar
b4562000-b4568000 r-xs 00044000 08:01 171361     /home/bqol/prog/eclipse/plugins/org.eclipse.m2e.maven.runtime_1.0.0.20110607-2117/jars/maven-compat-3.0.2.jar
b4568000-b456a000 r-xs 0000f000 08:01 171340     /home/bqol/prog/eclipse/plugins/org.eclipse.m2e.maven.runtime_1.0.0.20110607-2117/jars/plexus-interpolation-1.14.jar
b456a000-b456c000 r-xs 0000d000 08:01 171338     /home/bqol/prog/eclipse/plugins/org.eclipse.m2e.maven.runtime_1.0.0.20110607-2117/jars/maven-aether-provider-3.0.2.jar
b456c000-b456e000 r-xs 0000d000 08:01 171335     /home/bqol/prog/eclipse/plugins/org.eclipse.m2e.maven.runtime_1.0.0.20110607-2117/jars/maven-artifact-3.0.2.jar
b456e000-b456f000 r-xs 00008000 08:01 171353     /home/bqol/prog/eclipse/plugins/org.eclipse.m2e.maven.runtime_1.0.0.20110607-2117/jars/maven-repository-metadata-3.0.2.jar
b456f000-b4571000 r-xs 0000a000 08:01 171367     /home/bqol/prog/eclipse/plugins/org.eclipse.m2e.maven.runtime_1.0.0.20110607-2117/jars/maven-settings-builder-3.0.2.jar
b4571000-b4573000 r-xs 00028000 08:01 171374     /home/bqol/prog/eclipse/plugins/org.eclipse.m2e.maven.runtime_1.0.0.20110607-2117/jars/maven-model-3.0.2.jar
b4573000-b457f000 r-xs 00081000 08:01 171355     /home/bqol/prog/eclipse/plugins/org.eclipse.m2e.maven.runtime_1.0.0.20110607-2117/jars/maven-core-3.0.2.jar
b457f000-b4580000 r-xs 00004000 08:01 171345     /home/bqol/prog/eclipse/plugins/org.eclipse.m2e.maven.runtime_1.0.0.20110607-2117/jars/plexus-cipher-1.4.jar
b4580000-b4582000 r-xs 00007000 08:01 171351     /home/bqol/prog/eclipse/plugins/org.eclipse.m2e.maven.runtime_1.0.0.20110607-2117/jars/plexus-sec-dispatcher-1.3.jar
b4582000-b4587000 r-xs 00023000 08:01 171337     /home/bqol/prog/eclipse/plugins/org.eclipse.m2e.maven.runtime_1.0.0.20110607-2117/jars/maven-model-builder-3.0.2.jar
b4587000-b4589000 r-xs 0000c000 08:01 171373     /home/bqol/prog/eclipse/plugins/org.eclipse.m2e.maven.runtime_1.0.0.20110607-2117/jars/maven-plugin-api-3.0.2.jar
b4589000-b458a000 r-xs 0000c000 08:01 171357     /home/bqol/prog/eclipse/plugins/org.eclipse.m2e.maven.runtime_1.0.0.20110607-2117/jars/maven-settings-3.0.2.jar
b458a000-b45be000 rwxp 00000000 00:00 0 
b45be000-b4755000 r-xs 03014000 08:01 431496     /usr/lib/jvm/java-6-sun-1.6.0.21/jre/lib/rt.jar
b4755000-b4756000 ---p 00000000 00:00 0 
b4756000-b47d6000 rwxp 00000000 00:00 0 
b47d6000-b47d9000 ---p 00000000 00:00 0 
b47d9000-b4827000 rwxp 00000000 00:00 0 
b4827000-b482a000 ---p 00000000 00:00 0 
b482a000-b48a8000 rwxp 00000000 00:00 0 
b48a8000-b48ab000 ---p 00000000 00:00 0 
b48ab000-b48f9000 rwxp 00000000 00:00 0 
b48f9000-b4900000 r-xs 00000000 08:01 269718     /usr/lib/gconv/gconv-modules.cache
b4900000-b493f000 r-xp 00000000 08:01 270844     /usr/lib/locale/en_US.utf8/LC_CTYPE
b493f000-b4942000 ---p 00000000 00:00 0 
b4942000-b4990000 rwxp 00000000 00:00 0 
b4990000-b4993000 ---p 00000000 00:00 0 
b4993000-b49e1000 rwxp 00000000 00:00 0 
b49e1000-b49e2000 ---p 00000000 00:00 0 
b49e2000-b4a7c000 rwxp 00000000 00:00 0 
b4a7c000-b4a8a000 rwxp 00000000 00:00 0 
b4a8a000-b4a99000 rwxp 00000000 00:00 0 
b4a99000-b4ae0000 rwxp 00000000 00:00 0 
b4ae0000-b4ae8000 rwxp 00000000 00:00 0 
b4ae8000-b4b0a000 rwxp 00000000 00:00 0 
b4b0a000-b4b1a000 rwxp 00000000 00:00 0 
b4b1a000-b4b60000 rwxp 00000000 00:00 0 
b4b60000-b4b73000 rwxp 00000000 00:00 0 
b4b73000-b4b80000 rwxp 00000000 00:00 0 
b4b80000-b4ba3000 rwxp 00000000 00:00 0 
b4ba3000-b4c0c000 rwxp 00000000 00:00 0 
b4c0c000-b51c4000 rwxp 00000000 00:00 0 
b51c4000-b6c0c000 rwxp 00000000 00:00 0 
b6c0c000-b6c1b000 r-xp 00000000 08:01 431547     /usr/lib/jvm/java-6-sun-1.6.0.21/jre/lib/i386/libzip.so
b6c1b000-b6c1d000 rwxp 0000e000 08:01 431547     /usr/lib/jvm/java-6-sun-1.6.0.21/jre/lib/i386/libzip.so
b6c1d000-b6c27000 r-xp 00000000 08:01 262943     /lib/tls/i686/cmov/libnss_files-2.11.1.so
b6c27000-b6c28000 r-xp 00009000 08:01 262943     /lib/tls/i686/cmov/libnss_files-2.11.1.so
b6c28000-b6c29000 rwxp 0000a000 08:01 262943     /lib/tls/i686/cmov/libnss_files-2.11.1.so
b6c29000-b6c31000 r-xp 00000000 08:01 262947     /lib/tls/i686/cmov/libnss_nis-2.11.1.so
b6c31000-b6c32000 r-xp 00007000 08:01 262947     /lib/tls/i686/cmov/libnss_nis-2.11.1.so
b6c32000-b6c33000 rwxp 00008000 08:01 262947     /lib/tls/i686/cmov/libnss_nis-2.11.1.so
b6c33000-b6c39000 r-xp 00000000 08:01 262939     /lib/tls/i686/cmov/libnss_compat-2.11.1.so
b6c39000-b6c3a000 r-xp 00006000 08:01 262939     /lib/tls/i686/cmov/libnss_compat-2.11.1.so
b6c3a000-b6c3b000 rwxp 00007000 08:01 262939     /lib/tls/i686/cmov/libnss_compat-2.11.1.so
b6c3b000-b6c41000 rwxp 00000000 00:00 0 
b6c41000-b6c49000 rwxs 00000000 08:01 265011     /tmp/hsperfdata_bqol/3044
b6c49000-b6c5c000 r-xp 00000000 08:01 262937     /lib/tls/i686/cmov/libnsl-2.11.1.so
b6c5c000-b6c5d000 r-xp 00012000 08:01 262937     /lib/tls/i686/cmov/libnsl-2.11.1.so
b6c5d000-b6c5e000 rwxp 00013000 08:01 262937     /lib/tls/i686/cmov/libnsl-2.11.1.so
b6c5e000-b6c60000 rwxp 00000000 00:00 0 
b6c60000-b6c62000 r-xs 00009000 08:01 171391     /home/bqol/prog/eclipse/plugins/org.eclipse.m2e.maven.runtime_1.0.0.20110607-2117/local-patches.jar
b6c62000-b6c65000 r-xs 0000b000 08:01 171366     /home/bqol/prog/eclipse/plugins/org.eclipse.m2e.maven.runtime_1.0.0.20110607-2117/jars/plexus-classworlds-2.4.jar
b6c65000-b6c6b000 r-xp 00000000 08:01 431516     /usr/lib/jvm/java-6-sun-1.6.0.21/jre/lib/i386/native_threads/libhpi.so
b6c6b000-b6c6c000 rwxp 00006000 08:01 431516     /usr/lib/jvm/java-6-sun-1.6.0.21/jre/lib/i386/native_threads/libhpi.so
b6c6c000-b6c6d000 rwxp 00000000 00:00 0 
b6c6d000-b6c6e000 r-xp 00000000 00:00 0 
b6c6e000-b6c91000 r-xp 00000000 08:01 431520     /usr/lib/jvm/java-6-sun-1.6.0.21/jre/lib/i386/libjava.so
b6c91000-b6c93000 rwxp 00023000 08:01 431520     /usr/lib/jvm/java-6-sun-1.6.0.21/jre/lib/i386/libjava.so
b6c93000-b6c9a000 r-xp 00000000 08:01 262956     /lib/tls/i686/cmov/librt-2.11.1.so
b6c9a000-b6c9b000 r-xp 00006000 08:01 262956     /lib/tls/i686/cmov/librt-2.11.1.so
b6c9b000-b6c9c000 rwxp 00007000 08:01 262956     /lib/tls/i686/cmov/librt-2.11.1.so
b6c9c000-b6c9f000 ---p 00000000 00:00 0 
b6c9f000-b6ced000 rwxp 00000000 00:00 0 
b6ced000-b6d11000 r-xp 00000000 08:01 262934     /lib/tls/i686/cmov/libm-2.11.1.so
b6d11000-b6d12000 r-xp 00023000 08:01 262934     /lib/tls/i686/cmov/libm-2.11.1.so
b6d12000-b6d13000 rwxp 00024000 08:01 262934     /lib/tls/i686/cmov/libm-2.11.1.so
b6d13000-b71b1000 r-xp 00000000 08:01 36577      /usr/lib/jvm/java-6-sun-1.6.0.21/jre/lib/i386/client/libjvm.so
b71b1000-b71d4000 rwxp 0049e000 08:01 36577      /usr/lib/jvm/java-6-sun-1.6.0.21/jre/lib/i386/client/libjvm.so
b71d4000-b75f2000 rwxp 00000000 00:00 0 
b75f2000-b7745000 r-xp 00000000 08:01 262926     /lib/tls/i686/cmov/libc-2.11.1.so
b7745000-b7746000 ---p 00153000 08:01 262926     /lib/tls/i686/cmov/libc-2.11.1.so
b7746000-b7748000 r-xp 00153000 08:01 262926     /lib/tls/i686/cmov/libc-2.11.1.so
b7748000-b7749000 rwxp 00155000 08:01 262926     /lib/tls/i686/cmov/libc-2.11.1.so
b7749000-b774c000 rwxp 00000000 00:00 0 
b774c000-b774e000 r-xp 00000000 08:01 262932     /lib/tls/i686/cmov/libdl-2.11.1.so
b774e000-b774f000 r-xp 00001000 08:01 262932     /lib/tls/i686/cmov/libdl-2.11.1.so
b774f000-b7750000 rwxp 00002000 08:01 262932     /lib/tls/i686/cmov/libdl-2.11.1.so
b7750000-b7757000 r-xp 00000000 08:01 36587      /usr/lib/jvm/java-6-sun-1.6.0.21/jre/lib/i386/jli/libjli.so
b7757000-b7759000 rwxp 00006000 08:01 36587      /usr/lib/jvm/java-6-sun-1.6.0.21/jre/lib/i386/jli/libjli.so
b7759000-b775a000 rwxp 00000000 00:00 0 
b775a000-b776f000 r-xp 00000000 08:01 262952     /lib/tls/i686/cmov/libpthread-2.11.1.so
b776f000-b7770000 r-xp 00014000 08:01 262952     /lib/tls/i686/cmov/libpthread-2.11.1.so
b7770000-b7771000 rwxp 00015000 08:01 262952     /lib/tls/i686/cmov/libpthread-2.11.1.so
b7771000-b7773000 rwxp 00000000 00:00 0 
b7773000-b7774000 r-xs 0000b000 08:01 171356     /home/bqol/prog/eclipse/plugins/org.eclipse.m2e.maven.runtime_1.0.0.20110607-2117/jars/maven-embedder-3.0.2.jar
b7774000-b7775000 r-xs 00002000 08:01 287327     /home/bqol/prog/eclipse/configuration/org.eclipse.osgi/bundles/173/1/.cp/org.eclipse.m2e.cliresolver30.jar
b7775000-b7780000 r-xp 00000000 08:01 431550     /usr/lib/jvm/java-6-sun-1.6.0.21/jre/lib/i386/libverify.so
b7780000-b7781000 rwxp 0000b000 08:01 431550     /usr/lib/jvm/java-6-sun-1.6.0.21/jre/lib/i386/libverify.so
b7781000-b7783000 rwxp 00000000 00:00 0 
b7783000-b7784000 r-xp 00000000 00:00 0          [vdso]
b7784000-b779f000 r-xp 00000000 08:01 133147     /lib/ld-2.11.1.so
b779f000-b77a0000 r-xp 0001a000 08:01 133147     /lib/ld-2.11.1.so
b77a0000-b77a1000 rwxp 0001b000 08:01 133147     /lib/ld-2.11.1.so
bf877000-bf88c000 rwxp 00000000 00:00 0          [stack]

VM Arguments:
jvm_args: -Dm2eclipse.workspace.state=/home/bqol/prog/apps/.metadata/.plugins/org.eclipse.m2e.core/workspacestate.properties -Dmaven.home=EMBEDDED -Dclassworlds.conf=/home/bqol/prog/apps/.metadata/.plugins/org.eclipse.m2e.core/launches/m2conf5866403013379664758.tmp -Dfile.encoding=UTF-8 
java_command: org.codehaus.plexus.classworlds.launcher.Launcher -B jetty:run
Launcher Type: SUN_STANDARD

Environment Variables:
PATH=/usr/local/sbin:/usr/local/bin:/usr/sbin:/usr/bin:/sbin:/bin:/usr/games
USERNAME=bqol
LD_LIBRARY_PATH=/usr/lib/jvm/java-6-sun-1.6.0.21/jre/lib/i386/client:/usr/lib/jvm/java-6-sun-1.6.0.21/jre/lib/i386:/usr/lib/jvm/java-6-sun-1.6.0.21/jre/../lib/i386:/usr/lib/jvm/java-6-sun-1.6.0.21/jre/lib/i386/client:/usr/lib/jvm/java-6-sun-1.6.0.21/jre/lib/i386:
SHELL=/bin/bash
DISPLAY=:0.0

Signal Handlers:
SIGSEGV: [libjvm.so+0x4302b0], sa_mask[0]=0x7ffbfeff, sa_flags=0x10000004
SIGBUS: [libjvm.so+0x4302b0], sa_mask[0]=0x7ffbfeff, sa_flags=0x10000004
SIGFPE: [libjvm.so+0x355940], sa_mask[0]=0x7ffbfeff, sa_flags=0x10000004
SIGPIPE: [libjvm.so+0x355940], sa_mask[0]=0x7ffbfeff, sa_flags=0x10000004
SIGXFSZ: [libjvm.so+0x355940], sa_mask[0]=0x7ffbfeff, sa_flags=0x10000004
SIGILL: [libjvm.so+0x355940], sa_mask[0]=0x7ffbfeff, sa_flags=0x10000004
SIGUSR1: SIG_DFL, sa_mask[0]=0x00000000, sa_flags=0x00000000
SIGUSR2: [libjvm.so+0x358580], sa_mask[0]=0x00000004, sa_flags=0x10000004
SIGHUP: [libjvm.so+0x3582b0], sa_mask[0]=0x7ffbfeff, sa_flags=0x10000004
SIGINT: [libjvm.so+0x3582b0], sa_mask[0]=0x7ffbfeff, sa_flags=0x10000004
SIGTERM: [libjvm.so+0x3582b0], sa_mask[0]=0x7ffbfeff, sa_flags=0x10000004
SIGQUIT: [libjvm.so+0x3582b0], sa_mask[0]=0x7ffbfeff, sa_flags=0x10000004


---------------  S Y S T E M  ---------------

OS:squeeze/sid

uname:Linux 2.6.32-37-generic #81-Ubuntu SMP Fri Dec 2 20:35:14 UTC 2011 i686
libc:glibc 2.11.1 NPTL 2.11.1 
rlimit: STACK 8192k, CORE 0k, NPROC infinity, NOFILE 1024, AS infinity
load average:1.14 0.68 0.46

CPU:total 1 (1 cores per cpu, 1 threads per core) family 6 model 30 stepping 5, cmov, cx8, fxsr, mmx, sse, sse2, sse3, ssse3

Memory: 4k page, physical 2061736k(153704k free), swap 407544k(407544k free)

vm_info: Java HotSpot(TM) Client VM (17.0-b16) for linux-x86 JRE (1.6.0_21-b06), built on Jun 22 2010 01:22:50 by "java_re" with gcc 3.2.1-7a (J2SE release)

time: Sun Jan 15 16:46:30 2012
elapsed time: 1279 seconds

